<?xml version="1.0" encoding="UTF-8"?>
<!-- Generated by org.testng.reporters.JUnitReportReporter -->
<testsuite skipped="0" hostname="Alis-MacBook-Air.local" name="com.qa.unsplash.test.API.DownloadRandomPhotos" tests="1" failures="0" timestamp="08 Jun 2019 18:28:41 GMT" time="24.732" errors="0">
  <testcase name="getRandomPhotoDemo" time="24.732" classname="com.qa.unsplash.test.API.DownloadRandomPhotos"/>
</testsuite> <!-- com.qa.unsplash.test.API.DownloadRandomPhotos -->
